<!DOCTYPE html PUBLIC "-//W3C//DTD XHTML 1.1//EN" "http://www.w3.org/TR/xhtml11/DTD/xhtml11.dtd">
<html xmlns="http://www.w3.org/1999/xhtml"><head><title>TestNG Report</title><style type="text/css">table {margin-bottom:10px;border-collapse:collapse;empty-cells:show}th,td {border:1px solid #009;padding:.25em .5em}th {vertical-align:bottom}td {vertical-align:top}table a {font-weight:bold}.stripe td {background-color: #E6EBF9}.num {text-align:right}.passedodd td {background-color: #3F3}.passedeven td {background-color: #0A0}.skippedodd td {background-color: #DDD}.skippedeven td {background-color: #CCC}.failedodd td,.attn {background-color: #F33}.failedeven td,.stripe .attn {background-color: #D00}.stacktrace {white-space:pre;font-family:monospace}.totop {font-size:85%;text-align:center;border-bottom:2px solid #000}</style></head><body><table><tr><th>Test</th><th># Passed</th><th># Skipped</th><th># Failed</th><th>Time (ms)</th><th>Included Groups</th><th>Excluded Groups</th></tr><tr><th colspan="7">Suite</th></tr><tr><td><a href="#t0">Test</a></td><td class="num">20</td><td class="num">0</td><td class="num attn">2</td><td class="num">620,989</td><td></td><td></td></tr></table><table id='summary'><thead><tr><th>Class</th><th>Method</th><th>Start</th><th>Time (ms)</th></tr></thead><tbody><tr><th colspan="4">Suite</th></tr></tbody><tbody id="t0"><tr><th colspan="4">Test &#8212; failed</th></tr><tr class="failedeven"><td rowspan="2">com.crm.qa.testcases.RegisteredPageTest</td><td><a href="#m0">TshirtButtonTest</a></td><td rowspan="1">1620001071701</td><td rowspan="1">30484</td></tr><tr class="failedeven"><td><a href="#m1">WomenButtonTest</a></td><td rowspan="1">1620001116922</td><td rowspan="1">30176</td></tr><tr><th colspan="4">Test &#8212; passed</th></tr><tr class="passedeven"><td rowspan="2">com.crm.qa.testcases.CreateAccountTest</td><td><a href="#m2">createNewContactTest</a></td><td rowspan="1">1620000756996</td><td rowspan="1">35729</td></tr><tr class="passedeven"><td><a href="#m3">validateCreateAccountPageTitle</a></td><td rowspan="1">1620000623999</td><td rowspan="1">8</td></tr><tr class="passedodd"><td rowspan="2">com.crm.qa.testcases.HomePageTest</td><td><a href="#m4">YourLogoImageTest</a></td><td rowspan="1">1620000812326</td><td rowspan="1">98</td></tr><tr class="passedodd"><td><a href="#m5">validateHomePageTitle</a></td><td rowspan="1">1620000641177</td><td rowspan="1">11</td></tr><tr class="passedeven"><td rowspan="6">com.crm.qa.testcases.LoginPageTest</td><td><a href="#m6">validateCreateAccount</a></td><td rowspan="4">1620000679877</td><td rowspan="4">2012</td></tr><tr class="passedeven"><td><a href="#m7">validateCreateAccount</a></td></tr><tr class="passedeven"><td><a href="#m8">validateCreateAccount</a></td></tr><tr class="passedeven"><td><a href="#m9">validateCreateAccount</a></td></tr><tr class="passedeven"><td><a href="#m10">validateLoginPageTitle</a></td><td rowspan="1">1620000570455</td><td rowspan="1">2639</td></tr><tr class="passedeven"><td><a href="#m11">validateRegisteredPage</a></td><td rowspan="1">1620000909338</td><td rowspan="1">3327</td></tr><tr class="passedodd"><td rowspan="10">com.crm.qa.testcases.RegisteredPageTest</td><td><a href="#m12">LogoImageTest</a></td><td rowspan="1">1620000740597</td><td rowspan="1">228</td></tr><tr class="passedodd"><td><a href="#m13">RegisteredNameTest</a></td><td rowspan="1">1620000933851</td><td rowspan="1">63</td></tr><tr class="passedodd"><td><a href="#m14">validateRegisteredPageTitle</a></td><td rowspan="1">1620000599623</td><td rowspan="1">10</td></tr><tr class="passedodd"><td><a href="#m15">verifyOrderHistoryTest</a></td><td rowspan="1">1620001003885</td><td rowspan="1">1400</td></tr><tr class="passedodd"><td><a href="#m16">verifyPersonalInfoTest</a></td><td rowspan="1">1620000949468</td><td rowspan="1">842</td></tr><tr class="passedodd"><td><a href="#m17">verifyWishlistTest</a></td><td rowspan="1">1620001020566</td><td rowspan="1">1120</td></tr><tr class="passedodd"><td><a href="#m18">verifycreditSlipsTest</a></td><td rowspan="1">1620000988196</td><td rowspan="1">744</td></tr><tr class="passedodd"><td><a href="#m19">verifyhomeButtonTest</a></td><td rowspan="1">1620001036267</td><td rowspan="1">1985</td></tr><tr class="passedodd"><td><a href="#m20">verifylogoutButtonTest</a></td><td rowspan="1">1620001051332</td><td rowspan="1">1739</td></tr><tr class="passedodd"><td><a href="#m21">verifymyAddressTest</a></td><td rowspan="1">1620000969069</td><td rowspan="1">808</td></tr></tbody></table><h2>Test</h2><h3 id="m0">com.crm.qa.testcases.RegisteredPageTest#TshirtButtonTest</h3><table class="result"><tr><th>Exception</th></tr><tr><td><div class="stacktrace">org.openqa.selenium.NoSuchElementException: Unable to locate element: //li[@class=&apos;sfHover&apos;]//a[@class=&apos;sf-with-ul&apos;][contains(text(),&apos;Dresses&apos;)]
For documentation on this error, please visit: http://seleniumhq.org/exceptions/no_such_element.html
Build info: version: &apos;3.14.0&apos;, revision: &apos;aacccce0&apos;, time: &apos;2018-08-02T20:19:58.91Z&apos;
System info: host: &apos;DESKTOP-RU11HV8&apos;, ip: &apos;192.168.0.24&apos;, os.name: &apos;Windows 10&apos;, os.arch: &apos;amd64&apos;, os.version: &apos;10.0&apos;, java.version: &apos;1.8.0_161&apos;
Driver info: org.openqa.selenium.firefox.FirefoxDriver
Capabilities {acceptInsecureCerts: true, browserName: firefox, browserVersion: 88.0, javascriptEnabled: true, moz:accessibilityChecks: false, moz:buildID: 20210415204500, moz:geckodriverVersion: 0.27.0, moz:headless: false, moz:processID: 4896, moz:profile: C:\Users\love brar\AppData\..., moz:shutdownTimeout: 60000, moz:useNonSpecCompliantPointerOrigin: false, moz:webdriverClick: true, pageLoadStrategy: normal, platform: WINDOWS, platformName: WINDOWS, platformVersion: 10.0, rotatable: false, setWindowRect: true, strictFileInteractability: false, timeouts: {implicit: 0, pageLoad: 300000, script: 30000}, unhandledPromptBehavior: dismiss and notify}
Session ID: cd1d0a35-9187-4d1c-9e19-feac1f12ff89
*** Element info: {Using=xpath, value=//li[@class=&apos;sfHover&apos;]//a[@class=&apos;sf-with-ul&apos;][contains(text(),&apos;Dresses&apos;)]}
	at org.openqa.selenium.remote.http.W3CHttpResponseCodec.createException(W3CHttpResponseCodec.java:187)
	at org.openqa.selenium.remote.http.W3CHttpResponseCodec.decode(W3CHttpResponseCodec.java:122)
	at org.openqa.selenium.remote.http.W3CHttpResponseCodec.decode(W3CHttpResponseCodec.java:49)
	at org.openqa.selenium.remote.HttpCommandExecutor.execute(HttpCommandExecutor.java:158)
	at org.openqa.selenium.remote.service.DriverCommandExecutor.execute(DriverCommandExecutor.java:83)
	at org.openqa.selenium.remote.RemoteWebDriver.execute(RemoteWebDriver.java:548)
	at org.openqa.selenium.remote.RemoteWebDriver.findElement(RemoteWebDriver.java:322)
	at org.openqa.selenium.remote.RemoteWebDriver.findElementByXPath(RemoteWebDriver.java:424)
	at org.openqa.selenium.By$ByXPath.findElement(By.java:353)
	at org.openqa.selenium.remote.RemoteWebDriver.findElement(RemoteWebDriver.java:314)
	at org.openqa.selenium.support.events.EventFiringWebDriver.lambda$new$1(EventFiringWebDriver.java:105)
	at com.sun.proxy.$Proxy8.findElement(Unknown Source)
	at org.openqa.selenium.support.events.EventFiringWebDriver.findElement(EventFiringWebDriver.java:194)
	at org.openqa.selenium.support.pagefactory.DefaultElementLocator.findElement(DefaultElementLocator.java:69)
	at org.openqa.selenium.support.pagefactory.internal.LocatingElementHandler.invoke(LocatingElementHandler.java:38)
	at com.sun.proxy.$Proxy12.isDisplayed(Unknown Source)
	at com.crm.qa.pages.RegisteredPage.tShirt(RegisteredPage.java:130)
	at com.crm.qa.testcases.RegisteredPageTest.TshirtButtonTest(RegisteredPageTest.java:95)
... Removed 32 stack frames</div></td></tr></table><p class="totop"><a href="#summary">back to summary</a></p><h3 id="m1">com.crm.qa.testcases.RegisteredPageTest#WomenButtonTest</h3><table class="result"><tr><th>Exception</th></tr><tr><td><div class="stacktrace">org.openqa.selenium.NoSuchElementException: Unable to locate element: //li[@class=&apos;sfHover&apos;]//a[@class=&apos;sf-with-ul&apos;][contains(text(),&apos;Dresses&apos;)]
For documentation on this error, please visit: http://seleniumhq.org/exceptions/no_such_element.html
Build info: version: &apos;3.14.0&apos;, revision: &apos;aacccce0&apos;, time: &apos;2018-08-02T20:19:58.91Z&apos;
System info: host: &apos;DESKTOP-RU11HV8&apos;, ip: &apos;192.168.0.24&apos;, os.name: &apos;Windows 10&apos;, os.arch: &apos;amd64&apos;, os.version: &apos;10.0&apos;, java.version: &apos;1.8.0_161&apos;
Driver info: org.openqa.selenium.firefox.FirefoxDriver
Capabilities {acceptInsecureCerts: true, browserName: firefox, browserVersion: 88.0, javascriptEnabled: true, moz:accessibilityChecks: false, moz:buildID: 20210415204500, moz:geckodriverVersion: 0.27.0, moz:headless: false, moz:processID: 6312, moz:profile: C:\Users\love brar\AppData\..., moz:shutdownTimeout: 60000, moz:useNonSpecCompliantPointerOrigin: false, moz:webdriverClick: true, pageLoadStrategy: normal, platform: WINDOWS, platformName: WINDOWS, platformVersion: 10.0, rotatable: false, setWindowRect: true, strictFileInteractability: false, timeouts: {implicit: 0, pageLoad: 300000, script: 30000}, unhandledPromptBehavior: dismiss and notify}
Session ID: 489e043f-6603-4c45-854f-96f984d86244
*** Element info: {Using=xpath, value=//li[@class=&apos;sfHover&apos;]//a[@class=&apos;sf-with-ul&apos;][contains(text(),&apos;Dresses&apos;)]}
	at org.openqa.selenium.remote.http.W3CHttpResponseCodec.createException(W3CHttpResponseCodec.java:187)
	at org.openqa.selenium.remote.http.W3CHttpResponseCodec.decode(W3CHttpResponseCodec.java:122)
	at org.openqa.selenium.remote.http.W3CHttpResponseCodec.decode(W3CHttpResponseCodec.java:49)
	at org.openqa.selenium.remote.HttpCommandExecutor.execute(HttpCommandExecutor.java:158)
	at org.openqa.selenium.remote.service.DriverCommandExecutor.execute(DriverCommandExecutor.java:83)
	at org.openqa.selenium.remote.RemoteWebDriver.execute(RemoteWebDriver.java:548)
	at org.openqa.selenium.remote.RemoteWebDriver.findElement(RemoteWebDriver.java:322)
	at org.openqa.selenium.remote.RemoteWebDriver.findElementByXPath(RemoteWebDriver.java:424)
	at org.openqa.selenium.By$ByXPath.findElement(By.java:353)
	at org.openqa.selenium.remote.RemoteWebDriver.findElement(RemoteWebDriver.java:314)
	at org.openqa.selenium.support.events.EventFiringWebDriver.lambda$new$1(EventFiringWebDriver.java:105)
	at com.sun.proxy.$Proxy8.findElement(Unknown Source)
	at org.openqa.selenium.support.events.EventFiringWebDriver.findElement(EventFiringWebDriver.java:194)
	at org.openqa.selenium.support.pagefactory.DefaultElementLocator.findElement(DefaultElementLocator.java:69)
	at org.openqa.selenium.support.pagefactory.internal.LocatingElementHandler.invoke(LocatingElementHandler.java:38)
	at com.sun.proxy.$Proxy12.isDisplayed(Unknown Source)
	at com.crm.qa.pages.RegisteredPage.tShirt(RegisteredPage.java:130)
	at com.crm.qa.testcases.RegisteredPageTest.WomenButtonTest(RegisteredPageTest.java:101)
... Removed 32 stack frames</div></td></tr></table><p class="totop"><a href="#summary">back to summary</a></p><h3 id="m2">com.crm.qa.testcases.CreateAccountTest#createNewContactTest</h3><table class="result"><tr class="param"><th>Parameter #1</th><th>Parameter #2</th><th>Parameter #3</th><th>Parameter #4</th><th>Parameter #5</th><th>Parameter #6</th><th>Parameter #7</th><th>Parameter #8</th></tr><tr class="param stripe"><td>james</td><td>snow</td><td>Abcd123#</td><td>amazon</td><td>634 huron street</td><td>atlanta</td><td>10023.0</td><td>6.47877985E9</td></tr></table><p class="totop"><a href="#summary">back to summary</a></p><h3 id="m3">com.crm.qa.testcases.CreateAccountTest#validateCreateAccountPageTitle</h3><table class="result"></table><p class="totop"><a href="#summary">back to summary</a></p><h3 id="m4">com.crm.qa.testcases.HomePageTest#YourLogoImageTest</h3><table class="result"></table><p class="totop"><a href="#summary">back to summary</a></p><h3 id="m5">com.crm.qa.testcases.HomePageTest#validateHomePageTitle</h3><table class="result"></table><p class="totop"><a href="#summary">back to summary</a></p><h3 id="m6">com.crm.qa.testcases.LoginPageTest#validateCreateAccount</h3><table class="result"><tr class="param"><th>Parameter #1</th></tr><tr class="param stripe"><td>12345.0</td></tr></table><p class="totop"><a href="#summary">back to summary</a></p><h3 id="m7">com.crm.qa.testcases.LoginPageTest#validateCreateAccount</h3><table class="result"><tr class="param"><th>Parameter #1</th></tr><tr class="param stripe"><td>xyz123456@gmail.com</td></tr></table><p class="totop"><a href="#summary">back to summary</a></p><h3 id="m8">com.crm.qa.testcases.LoginPageTest#validateCreateAccount</h3><table class="result"><tr class="param"><th>Parameter #1</th></tr><tr class="param stripe"><td>abcd12345@yahoo.com</td></tr></table><p class="totop"><a href="#summary">back to summary</a></p><h3 id="m9">com.crm.qa.testcases.LoginPageTest#validateCreateAccount</h3><table class="result"><tr class="param"><th>Parameter #1</th></tr><tr class="param stripe"><td>abcd</td></tr></table><p class="totop"><a href="#summary">back to summary</a></p><h3 id="m10">com.crm.qa.testcases.LoginPageTest#validateLoginPageTitle</h3><table class="result"></table><p class="totop"><a href="#summary">back to summary</a></p><h3 id="m11">com.crm.qa.testcases.LoginPageTest#validateRegisteredPage</h3><table class="result"></table><p class="totop"><a href="#summary">back to summary</a></p><h3 id="m12">com.crm.qa.testcases.RegisteredPageTest#LogoImageTest</h3><table class="result"></table><p class="totop"><a href="#summary">back to summary</a></p><h3 id="m13">com.crm.qa.testcases.RegisteredPageTest#RegisteredNameTest</h3><table class="result"></table><p class="totop"><a href="#summary">back to summary</a></p><h3 id="m14">com.crm.qa.testcases.RegisteredPageTest#validateRegisteredPageTitle</h3><table class="result"></table><p class="totop"><a href="#summary">back to summary</a></p><h3 id="m15">com.crm.qa.testcases.RegisteredPageTest#verifyOrderHistoryTest</h3><table class="result"></table><p class="totop"><a href="#summary">back to summary</a></p><h3 id="m16">com.crm.qa.testcases.RegisteredPageTest#verifyPersonalInfoTest</h3><table class="result"></table><p class="totop"><a href="#summary">back to summary</a></p><h3 id="m17">com.crm.qa.testcases.RegisteredPageTest#verifyWishlistTest</h3><table class="result"></table><p class="totop"><a href="#summary">back to summary</a></p><h3 id="m18">com.crm.qa.testcases.RegisteredPageTest#verifycreditSlipsTest</h3><table class="result"></table><p class="totop"><a href="#summary">back to summary</a></p><h3 id="m19">com.crm.qa.testcases.RegisteredPageTest#verifyhomeButtonTest</h3><table class="result"></table><p class="totop"><a href="#summary">back to summary</a></p><h3 id="m20">com.crm.qa.testcases.RegisteredPageTest#verifylogoutButtonTest</h3><table class="result"></table><p class="totop"><a href="#summary">back to summary</a></p><h3 id="m21">com.crm.qa.testcases.RegisteredPageTest#verifymyAddressTest</h3><table class="result"></table><p class="totop"><a href="#summary">back to summary</a></p></body></html>