<?xml version="1.0" encoding="UTF-8"?>
<!-- Generated by org.testng.reporters.JUnitXMLReporter -->
<testsuite hostname="DESKTOP-RU11HV8" ignored="0" name="Test" tests="22" failures="2" timestamp="03 May 2021 00:19:09 GMT" time="620.989" errors="0">
  <testcase name="validateLoginPageTitle" time="2.639" classname="com.crm.qa.testcases.LoginPageTest"/>
  <testcase name="validateRegisteredPageTitle" time="0.01" classname="com.crm.qa.testcases.RegisteredPageTest"/>
  <testcase name="validateCreateAccountPageTitle" time="0.008" classname="com.crm.qa.testcases.CreateAccountTest"/>
  <testcase name="validateHomePageTitle" time="0.011" classname="com.crm.qa.testcases.HomePageTest"/>
  <testcase name="validateCreateAccount" time="2.44" classname="com.crm.qa.testcases.LoginPageTest"/>
  <testcase name="validateCreateAccount" time="2.012" classname="com.crm.qa.testcases.LoginPageTest"/>
  <testcase name="validateCreateAccount" time="1.65" classname="com.crm.qa.testcases.LoginPageTest"/>
  <testcase name="validateCreateAccount" time="2.507" classname="com.crm.qa.testcases.LoginPageTest"/>
  <testcase name="LogoImageTest" time="0.228" classname="com.crm.qa.testcases.RegisteredPageTest"/>
  <testcase name="createNewContactTest" time="35.729" classname="com.crm.qa.testcases.CreateAccountTest"/>
  <testcase name="YourLogoImageTest" time="0.098" classname="com.crm.qa.testcases.HomePageTest"/>
  <testcase name="validateRegisteredPage" time="3.327" classname="com.crm.qa.testcases.LoginPageTest"/>
  <testcase name="RegisteredNameTest" time="0.063" classname="com.crm.qa.testcases.RegisteredPageTest"/>
  <testcase name="verifyPersonalInfoTest" time="0.842" classname="com.crm.qa.testcases.RegisteredPageTest"/>
  <testcase name="verifymyAddressTest" time="0.808" classname="com.crm.qa.testcases.RegisteredPageTest"/>
  <testcase name="verifycreditSlipsTest" time="0.744" classname="com.crm.qa.testcases.RegisteredPageTest"/>
  <testcase name="verifyOrderHistoryTest" time="1.4" classname="com.crm.qa.testcases.RegisteredPageTest"/>
  <testcase name="verifyWishlistTest" time="1.12" classname="com.crm.qa.testcases.RegisteredPageTest"/>
  <testcase name="verifyhomeButtonTest" time="1.985" classname="com.crm.qa.testcases.RegisteredPageTest"/>
  <testcase name="verifylogoutButtonTest" time="1.739" classname="com.crm.qa.testcases.RegisteredPageTest"/>
  <testcase name="TshirtButtonTest" time="30.484" classname="com.crm.qa.testcases.RegisteredPageTest">
    <failure type="org.openqa.selenium.NoSuchElementException" message="Unable to locate element: //li[@class=&amp;apos;sfHover&amp;apos;]//a[@class=&amp;apos;sf-with-ul&amp;apos;][contains(text(),&amp;apos;Dresses&amp;apos;)]
For documentation on this error, please visit: http://seleniumhq.org/exceptions/no_such_element.html
Build info: version: &amp;apos;3.14.0&amp;apos;, revision: &amp;apos;aacccce0&amp;apos;, time: &amp;apos;2018-08-02T20:19:58.91Z&amp;apos;
System info: host: &amp;apos;DESKTOP-RU11HV8&amp;apos;, ip: &amp;apos;192.168.0.24&amp;apos;, os.name: &amp;apos;Windows 10&amp;apos;, os.arch: &amp;apos;amd64&amp;apos;, os.version: &amp;apos;10.0&amp;apos;, java.version: &amp;apos;1.8.0_161&amp;apos;
Driver info: org.openqa.selenium.firefox.FirefoxDriver
Capabilities {acceptInsecureCerts: true, browserName: firefox, browserVersion: 88.0, javascriptEnabled: true, moz:accessibilityChecks: false, moz:buildID: 20210415204500, moz:geckodriverVersion: 0.27.0, moz:headless: false, moz:processID: 4896, moz:profile: C:\Users\love brar\AppData\..., moz:shutdownTimeout: 60000, moz:useNonSpecCompliantPointerOrigin: false, moz:webdriverClick: true, pageLoadStrategy: normal, platform: WINDOWS, platformName: WINDOWS, platformVersion: 10.0, rotatable: false, setWindowRect: true, strictFileInteractability: false, timeouts: {implicit: 0, pageLoad: 300000, script: 30000}, unhandledPromptBehavior: dismiss and notify}
Session ID: cd1d0a35-9187-4d1c-9e19-feac1f12ff89
*** Element info: {Using=xpath, value=//li[@class=&amp;apos;sfHover&amp;apos;]//a[@class=&amp;apos;sf-with-ul&amp;apos;][contains(text(),&amp;apos;Dresses&amp;apos;)]}">
      <![CDATA[org.openqa.selenium.NoSuchElementException: Unable to locate element: //li[@class='sfHover']//a[@class='sf-with-ul'][contains(text(),'Dresses')]
For documentation on this error, please visit: http://seleniumhq.org/exceptions/no_such_element.html
Build info: version: '3.14.0', revision: 'aacccce0', time: '2018-08-02T20:19:58.91Z'
System info: host: 'DESKTOP-RU11HV8', ip: '192.168.0.24', os.name: 'Windows 10', os.arch: 'amd64', os.version: '10.0', java.version: '1.8.0_161'
Driver info: org.openqa.selenium.firefox.FirefoxDriver
Capabilities {acceptInsecureCerts: true, browserName: firefox, browserVersion: 88.0, javascriptEnabled: true, moz:accessibilityChecks: false, moz:buildID: 20210415204500, moz:geckodriverVersion: 0.27.0, moz:headless: false, moz:processID: 4896, moz:profile: C:\Users\love brar\AppData\..., moz:shutdownTimeout: 60000, moz:useNonSpecCompliantPointerOrigin: false, moz:webdriverClick: true, pageLoadStrategy: normal, platform: WINDOWS, platformName: WINDOWS, platformVersion: 10.0, rotatable: false, setWindowRect: true, strictFileInteractability: false, timeouts: {implicit: 0, pageLoad: 300000, script: 30000}, unhandledPromptBehavior: dismiss and notify}
Session ID: cd1d0a35-9187-4d1c-9e19-feac1f12ff89
*** Element info: {Using=xpath, value=//li[@class='sfHover']//a[@class='sf-with-ul'][contains(text(),'Dresses')]}
	at org.openqa.selenium.remote.http.W3CHttpResponseCodec.createException(W3CHttpResponseCodec.java:187)
	at org.openqa.selenium.remote.http.W3CHttpResponseCodec.decode(W3CHttpResponseCodec.java:122)
	at org.openqa.selenium.remote.http.W3CHttpResponseCodec.decode(W3CHttpResponseCodec.java:49)
	at org.openqa.selenium.remote.HttpCommandExecutor.execute(HttpCommandExecutor.java:158)
	at org.openqa.selenium.remote.service.DriverCommandExecutor.execute(DriverCommandExecutor.java:83)
	at org.openqa.selenium.remote.RemoteWebDriver.execute(RemoteWebDriver.java:548)
	at org.openqa.selenium.remote.RemoteWebDriver.findElement(RemoteWebDriver.java:322)
	at org.openqa.selenium.remote.RemoteWebDriver.findElementByXPath(RemoteWebDriver.java:424)
	at org.openqa.selenium.By$ByXPath.findElement(By.java:353)
	at org.openqa.selenium.remote.RemoteWebDriver.findElement(RemoteWebDriver.java:314)
	at org.openqa.selenium.support.events.EventFiringWebDriver.lambda$new$1(EventFiringWebDriver.java:105)
	at com.sun.proxy.$Proxy8.findElement(Unknown Source)
	at org.openqa.selenium.support.events.EventFiringWebDriver.findElement(EventFiringWebDriver.java:194)
	at org.openqa.selenium.support.pagefactory.DefaultElementLocator.findElement(DefaultElementLocator.java:69)
	at org.openqa.selenium.support.pagefactory.internal.LocatingElementHandler.invoke(LocatingElementHandler.java:38)
	at com.sun.proxy.$Proxy12.isDisplayed(Unknown Source)
	at com.crm.qa.pages.RegisteredPage.tShirt(RegisteredPage.java:130)
	at com.crm.qa.testcases.RegisteredPageTest.TshirtButtonTest(RegisteredPageTest.java:95)
... Removed 32 stack frames]]>
    </failure>
  </testcase> <!-- TshirtButtonTest -->
  <testcase name="WomenButtonTest" time="30.176" classname="com.crm.qa.testcases.RegisteredPageTest">
    <failure type="org.openqa.selenium.NoSuchElementException" message="Unable to locate element: //li[@class=&amp;apos;sfHover&amp;apos;]//a[@class=&amp;apos;sf-with-ul&amp;apos;][contains(text(),&amp;apos;Dresses&amp;apos;)]
For documentation on this error, please visit: http://seleniumhq.org/exceptions/no_such_element.html
Build info: version: &amp;apos;3.14.0&amp;apos;, revision: &amp;apos;aacccce0&amp;apos;, time: &amp;apos;2018-08-02T20:19:58.91Z&amp;apos;
System info: host: &amp;apos;DESKTOP-RU11HV8&amp;apos;, ip: &amp;apos;192.168.0.24&amp;apos;, os.name: &amp;apos;Windows 10&amp;apos;, os.arch: &amp;apos;amd64&amp;apos;, os.version: &amp;apos;10.0&amp;apos;, java.version: &amp;apos;1.8.0_161&amp;apos;
Driver info: org.openqa.selenium.firefox.FirefoxDriver
Capabilities {acceptInsecureCerts: true, browserName: firefox, browserVersion: 88.0, javascriptEnabled: true, moz:accessibilityChecks: false, moz:buildID: 20210415204500, moz:geckodriverVersion: 0.27.0, moz:headless: false, moz:processID: 6312, moz:profile: C:\Users\love brar\AppData\..., moz:shutdownTimeout: 60000, moz:useNonSpecCompliantPointerOrigin: false, moz:webdriverClick: true, pageLoadStrategy: normal, platform: WINDOWS, platformName: WINDOWS, platformVersion: 10.0, rotatable: false, setWindowRect: true, strictFileInteractability: false, timeouts: {implicit: 0, pageLoad: 300000, script: 30000}, unhandledPromptBehavior: dismiss and notify}
Session ID: 489e043f-6603-4c45-854f-96f984d86244
*** Element info: {Using=xpath, value=//li[@class=&amp;apos;sfHover&amp;apos;]//a[@class=&amp;apos;sf-with-ul&amp;apos;][contains(text(),&amp;apos;Dresses&amp;apos;)]}">
      <![CDATA[org.openqa.selenium.NoSuchElementException: Unable to locate element: //li[@class='sfHover']//a[@class='sf-with-ul'][contains(text(),'Dresses')]
For documentation on this error, please visit: http://seleniumhq.org/exceptions/no_such_element.html
Build info: version: '3.14.0', revision: 'aacccce0', time: '2018-08-02T20:19:58.91Z'
System info: host: 'DESKTOP-RU11HV8', ip: '192.168.0.24', os.name: 'Windows 10', os.arch: 'amd64', os.version: '10.0', java.version: '1.8.0_161'
Driver info: org.openqa.selenium.firefox.FirefoxDriver
Capabilities {acceptInsecureCerts: true, browserName: firefox, browserVersion: 88.0, javascriptEnabled: true, moz:accessibilityChecks: false, moz:buildID: 20210415204500, moz:geckodriverVersion: 0.27.0, moz:headless: false, moz:processID: 6312, moz:profile: C:\Users\love brar\AppData\..., moz:shutdownTimeout: 60000, moz:useNonSpecCompliantPointerOrigin: false, moz:webdriverClick: true, pageLoadStrategy: normal, platform: WINDOWS, platformName: WINDOWS, platformVersion: 10.0, rotatable: false, setWindowRect: true, strictFileInteractability: false, timeouts: {implicit: 0, pageLoad: 300000, script: 30000}, unhandledPromptBehavior: dismiss and notify}
Session ID: 489e043f-6603-4c45-854f-96f984d86244
*** Element info: {Using=xpath, value=//li[@class='sfHover']//a[@class='sf-with-ul'][contains(text(),'Dresses')]}
	at org.openqa.selenium.remote.http.W3CHttpResponseCodec.createException(W3CHttpResponseCodec.java:187)
	at org.openqa.selenium.remote.http.W3CHttpResponseCodec.decode(W3CHttpResponseCodec.java:122)
	at org.openqa.selenium.remote.http.W3CHttpResponseCodec.decode(W3CHttpResponseCodec.java:49)
	at org.openqa.selenium.remote.HttpCommandExecutor.execute(HttpCommandExecutor.java:158)
	at org.openqa.selenium.remote.service.DriverCommandExecutor.execute(DriverCommandExecutor.java:83)
	at org.openqa.selenium.remote.RemoteWebDriver.execute(RemoteWebDriver.java:548)
	at org.openqa.selenium.remote.RemoteWebDriver.findElement(RemoteWebDriver.java:322)
	at org.openqa.selenium.remote.RemoteWebDriver.findElementByXPath(RemoteWebDriver.java:424)
	at org.openqa.selenium.By$ByXPath.findElement(By.java:353)
	at org.openqa.selenium.remote.RemoteWebDriver.findElement(RemoteWebDriver.java:314)
	at org.openqa.selenium.support.events.EventFiringWebDriver.lambda$new$1(EventFiringWebDriver.java:105)
	at com.sun.proxy.$Proxy8.findElement(Unknown Source)
	at org.openqa.selenium.support.events.EventFiringWebDriver.findElement(EventFiringWebDriver.java:194)
	at org.openqa.selenium.support.pagefactory.DefaultElementLocator.findElement(DefaultElementLocator.java:69)
	at org.openqa.selenium.support.pagefactory.internal.LocatingElementHandler.invoke(LocatingElementHandler.java:38)
	at com.sun.proxy.$Proxy12.isDisplayed(Unknown Source)
	at com.crm.qa.pages.RegisteredPage.tShirt(RegisteredPage.java:130)
	at com.crm.qa.testcases.RegisteredPageTest.WomenButtonTest(RegisteredPageTest.java:101)
... Removed 32 stack frames]]>
    </failure>
  </testcase> <!-- WomenButtonTest -->
</testsuite> <!-- Test -->
